[2022-04-26 15:29:29,198] {taskinstance.py:1043} INFO - Dependencies all met for <TaskInstance: portfolio.end scheduled__2022-04-25T06:28:45.109583+00:00 [queued]>
[2022-04-26 15:29:29,202] {taskinstance.py:1043} INFO - Dependencies all met for <TaskInstance: portfolio.end scheduled__2022-04-25T06:28:45.109583+00:00 [queued]>
[2022-04-26 15:29:29,202] {taskinstance.py:1249} INFO - 
--------------------------------------------------------------------------------
[2022-04-26 15:29:29,202] {taskinstance.py:1250} INFO - Starting attempt 1 of 2
[2022-04-26 15:29:29,202] {taskinstance.py:1251} INFO - 
--------------------------------------------------------------------------------
[2022-04-26 15:29:29,222] {taskinstance.py:1270} INFO - Executing <Task(BashOperator): end> on 2022-04-25 06:28:45.109583+00:00
[2022-04-26 15:29:29,224] {standard_task_runner.py:52} INFO - Started process 4723 to run task
[2022-04-26 15:29:29,227] {standard_task_runner.py:79} INFO - Running: ['airflow', 'tasks', 'run', 'portfolio', 'end', 'scheduled__2022-04-25T06:28:45.109583+00:00', '--job-id', '94', '--raw', '--subdir', '/usr/local/lib/python3.8/dist-packages/airflow/example_dags/portfolio.py', '--cfg-path', '/tmp/tmpb9hxvc36', '--error-file', '/tmp/tmpwaflvx6u']
[2022-04-26 15:29:29,227] {standard_task_runner.py:80} INFO - Job 94: Subtask end
[2022-04-26 15:29:29,264] {logging_mixin.py:109} INFO - Running <TaskInstance: portfolio.end scheduled__2022-04-25T06:28:45.109583+00:00 [running]> on host LAPTOP-FB8H3NSS.localdomain
[2022-04-26 15:29:29,325] {taskinstance.py:1446} INFO - Exporting the following env vars:
AIRFLOW_CTX_DAG_EMAIL=airflow@example.com
AIRFLOW_CTX_DAG_OWNER=airflow
AIRFLOW_CTX_DAG_ID=portfolio
AIRFLOW_CTX_TASK_ID=end
AIRFLOW_CTX_EXECUTION_DATE=2022-04-25T06:28:45.109583+00:00
AIRFLOW_CTX_DAG_RUN_ID=scheduled__2022-04-25T06:28:45.109583+00:00
[2022-04-26 15:29:29,325] {subprocess.py:62} INFO - Tmp dir root location: 
 /tmp
[2022-04-26 15:29:29,326] {subprocess.py:74} INFO - Running command: ['bash', '-c', '\n\n    echo "end"\n\n    echo "end"\n\n    echo "end"\n\n    echo "end"\n\n    echo "end"\n']
[2022-04-26 15:29:29,331] {subprocess.py:85} INFO - Output:
[2022-04-26 15:29:29,331] {subprocess.py:89} INFO - end
[2022-04-26 15:29:29,331] {subprocess.py:89} INFO - end
[2022-04-26 15:29:29,331] {subprocess.py:89} INFO - end
[2022-04-26 15:29:29,332] {subprocess.py:89} INFO - end
[2022-04-26 15:29:29,332] {subprocess.py:89} INFO - end
[2022-04-26 15:29:29,332] {subprocess.py:93} INFO - Command exited with return code 0
[2022-04-26 15:29:29,353] {taskinstance.py:1278} INFO - Marking task as SUCCESS. dag_id=portfolio, task_id=end, execution_date=20220425T062845, start_date=20220426T062929, end_date=20220426T062929
[2022-04-26 15:29:29,401] {local_task_job.py:154} INFO - Task exited with return code 0
[2022-04-26 15:29:29,411] {local_task_job.py:264} INFO - 0 downstream tasks scheduled from follow-on schedule check
